<html>
<head>
<title>TestNG:  Feature3</title>
<link href="../testng.css" rel="stylesheet" type="text/css" />
<link href="../my-testng.css" rel="stylesheet" type="text/css" />

<style type="text/css">
.log { display: none;} 
.stack-trace { display: none;} 
</style>
<script type="text/javascript">
<!--
function flip(e) {
  current = e.style.display;
  if (current == 'block') {
    e.style.display = 'none';
    return 0;
  }
  else {
    e.style.display = 'block';
    return 1;
  }
}

function toggleBox(szDivId, elem, msg1, msg2)
{
  var res = -1;  if (document.getElementById) {
    res = flip(document.getElementById(szDivId));
  }
  else if (document.all) {
    // this is the way old msie versions work
    res = flip(document.all[szDivId]);
  }
  if(elem) {
    if(res == 0) elem.innerHTML = msg1; else elem.innerHTML = msg2;
  }

}

function toggleAllBoxes() {
  if (document.getElementsByTagName) {
    d = document.getElementsByTagName('div');
    for (i = 0; i < d.length; i++) {
      if (d[i].className == 'log') {
        flip(d[i]);
      }
    }
  }
}

// -->
</script>

</head>
<body>
<h2 align='center'>Feature3</h2><table border='1' align="center">
<tr>
<td>Tests passed/Failed/Skipped:</td><td>20/2/1</td>
</tr><tr>
<td>Started on:</td><td>Thu Jul 14 00:37:57 IST 2016</td>
</tr>
<tr><td>Total time:</td><td>1 seconds (1237 ms)</td>
</tr><tr>
<td>Included groups:</td><td></td>
</tr><tr>
<td>Excluded groups:</td><td></td>
</tr>
</table><p/>
<small><i>(Hover the method name to see the test class name)</i></small><p/>
<table width='100%' border='1' class='invocation-failed'>
<tr><td colspan='4' align='center'><b>FAILED CONFIGURATIONS</b></td></tr>
<tr><td><b>Test method</b></td>
<td width="30%"><b>Exception</b></td>
<td width="10%"><b>Time (seconds)</b></td>
<td><b>Instance</b></td>
</tr>
<tr>
<td title='testng.CrossBrowserTest.beforeClass()'><b>beforeClass</b><br>Test class: testng.CrossBrowserTest</td>
<td><div><pre>org.testng.TestNGException: 
Parameter &apos;browserType&apos; is required by @Configuration on method beforeClass but has not been marked @Optional or defined
in D:\Google Java\Java Training\June 2016\Code\workspace\FirstMavenProject\src\test\java\NewFile.xml
... Removed 21 stack frames</pre></div><a href='#' onClick='toggleBox("stack-trace7316362", this, "Click to show all stack frames", "Click to hide stack frames")'>Click to show all stack frames</a>
<div class='stack-trace' id='stack-trace7316362'><pre>org.testng.TestNGException: 
Parameter &apos;browserType&apos; is required by @Configuration on method beforeClass but has not been marked @Optional or defined
in D:\Google Java\Java Training\June 2016\Code\workspace\FirstMavenProject\src\test\java\NewFile.xml
	at org.testng.internal.Parameters.createParameters(Parameters.java:155)
	at org.testng.internal.Parameters.createParameters(Parameters.java:355)
	at org.testng.internal.Parameters.createConfigurationParameters(Parameters.java:86)
	at org.testng.internal.Invoker.invokeConfigurations(Invoker.java:199)
	at org.testng.internal.Invoker.invokeConfigurations(Invoker.java:138)
	at org.testng.internal.TestMethodWorker.invokeBeforeClassMethods(TestMethodWorker.java:175)
	at org.testng.internal.TestMethodWorker.run(TestMethodWorker.java:107)
	at org.testng.TestRunner.privateRun(TestRunner.java:767)
	at org.testng.TestRunner.run(TestRunner.java:617)
	at org.testng.SuiteRunner.runTest(SuiteRunner.java:334)
	at org.testng.SuiteRunner.runSequentially(SuiteRunner.java:329)
	at org.testng.SuiteRunner.privateRun(SuiteRunner.java:291)
	at org.testng.SuiteRunner.run(SuiteRunner.java:240)
	at org.testng.SuiteRunnerWorker.runSuite(SuiteRunnerWorker.java:52)
	at org.testng.SuiteRunnerWorker.run(SuiteRunnerWorker.java:86)
	at org.testng.TestNG.runSuitesSequentially(TestNG.java:1198)
	at org.testng.TestNG.runSuitesLocally(TestNG.java:1123)
	at org.testng.TestNG.run(TestNG.java:1031)
	at org.testng.remote.RemoteTestNG.run(RemoteTestNG.java:115)
	at org.testng.remote.RemoteTestNG.initAndRun(RemoteTestNG.java:207)
	at org.testng.remote.RemoteTestNG.main(RemoteTestNG.java:178)
</pre></div></td>
<td>0</td>
<td>testng.CrossBrowserTest@12050f6</td></tr>
</table><p>
<table width='100%' border='1' class='invocation-skipped'>
<tr><td colspan='4' align='center'><b>SKIPPED CONFIGURATIONS</b></td></tr>
<tr><td><b>Test method</b></td>
<td width="30%"><b>Exception</b></td>
<td width="10%"><b>Time (seconds)</b></td>
<td><b>Instance</b></td>
</tr>
<tr>
<td title='testng.CrossBrowserTest.afterClass()'><b>afterClass</b><br>Test class: testng.CrossBrowserTest</td>
<td></td>
<td>0</td>
<td>testng.CrossBrowserTest@12050f6</td></tr>
</table><p>
<table width='100%' border='1' class='invocation-failed'>
<tr><td colspan='4' align='center'><b>FAILED TESTS</b></td></tr>
<tr><td><b>Test method</b></td>
<td width="30%"><b>Exception</b></td>
<td width="10%"><b>Time (seconds)</b></td>
<td><b>Instance</b></td>
</tr>
<tr>
<td title='testng.DependsOnMethodsTest.registration()'><b>registration</b><br>Test class: testng.DependsOnMethodsTest</td>
<td><div><pre>java.lang.AssertionError
	at org.junit.Assert.fail(Assert.java:86)
	at org.junit.Assert.assertTrue(Assert.java:41)
	at org.junit.Assert.assertTrue(Assert.java:52)
	at testng.DependsOnMethodsTest.registration(DependsOnMethodsTest.java:13)
... Removed 24 stack frames</pre></div><a href='#' onClick='toggleBox("stack-trace1910714", this, "Click to show all stack frames", "Click to hide stack frames")'>Click to show all stack frames</a>
<div class='stack-trace' id='stack-trace1910714'><pre>java.lang.AssertionError
	at org.junit.Assert.fail(Assert.java:86)
	at org.junit.Assert.assertTrue(Assert.java:41)
	at org.junit.Assert.assertTrue(Assert.java:52)
	at testng.DependsOnMethodsTest.registration(DependsOnMethodsTest.java:13)
	at sun.reflect.NativeMethodAccessorImpl.invoke0(Native Method)
	at sun.reflect.NativeMethodAccessorImpl.invoke(Unknown Source)
	at sun.reflect.DelegatingMethodAccessorImpl.invoke(Unknown Source)
	at java.lang.reflect.Method.invoke(Unknown Source)
	at org.testng.internal.MethodInvocationHelper.invokeMethod(MethodInvocationHelper.java:80)
	at org.testng.internal.Invoker.invokeMethod(Invoker.java:714)
	at org.testng.internal.Invoker.invokeTestMethod(Invoker.java:901)
	at org.testng.internal.Invoker.invokeTestMethods(Invoker.java:1231)
	at org.testng.internal.TestMethodWorker.invokeTestMethods(TestMethodWorker.java:127)
	at org.testng.internal.TestMethodWorker.run(TestMethodWorker.java:111)
	at org.testng.TestRunner.privateRun(TestRunner.java:767)
	at org.testng.TestRunner.run(TestRunner.java:617)
	at org.testng.SuiteRunner.runTest(SuiteRunner.java:334)
	at org.testng.SuiteRunner.runSequentially(SuiteRunner.java:329)
	at org.testng.SuiteRunner.privateRun(SuiteRunner.java:291)
	at org.testng.SuiteRunner.run(SuiteRunner.java:240)
	at org.testng.SuiteRunnerWorker.runSuite(SuiteRunnerWorker.java:52)
	at org.testng.SuiteRunnerWorker.run(SuiteRunnerWorker.java:86)
	at org.testng.TestNG.runSuitesSequentially(TestNG.java:1198)
	at org.testng.TestNG.runSuitesLocally(TestNG.java:1123)
	at org.testng.TestNG.run(TestNG.java:1031)
	at org.testng.remote.RemoteTestNG.run(RemoteTestNG.java:115)
	at org.testng.remote.RemoteTestNG.initAndRun(RemoteTestNG.java:207)
	at org.testng.remote.RemoteTestNG.main(RemoteTestNG.java:178)
</pre></div></td>
<td>0</td>
<td>testng.DependsOnMethodsTest@ba2a48</td></tr>
</table><p>
<table width='100%' border='1' class='invocation-passed'>
<tr><td colspan='4' align='center'><b>PASSED TESTS</b></td></tr>
<tr><td><b>Test method</b></td>
<td width="30%"><b>Exception</b></td>
<td width="10%"><b>Time (seconds)</b></td>
<td><b>Instance</b></td>
</tr>
<tr>
<td title='testng.FirstTest.a()'><b>a</b><br>Test class: testng.FirstTest</td>
<td></td>
<td>0</td>
<td>testng.FirstTest@181a1bc</td></tr>
<tr>
<td title='testng.GroupsCheck.altok10()'><b>altok10</b><br>Test class: testng.GroupsCheck</td>
<td></td>
<td>0</td>
<td>testng.GroupsCheck@3e6358</td></tr>
<tr>
<td title='testng.GroupsCheck.audia4()'><b>audia4</b><br>Test class: testng.GroupsCheck</td>
<td></td>
<td>0</td>
<td>testng.GroupsCheck@3e6358</td></tr>
<tr>
<td title='testng.GroupsCheck.audia8()'><b>audia8</b><br>Test class: testng.GroupsCheck</td>
<td></td>
<td>0</td>
<td>testng.GroupsCheck@3e6358</td></tr>
<tr>
<td title='testng.GroupsCheck.audiq5()'><b>audiq5</b><br>Test class: testng.GroupsCheck</td>
<td></td>
<td>0</td>
<td>testng.GroupsCheck@3e6358</td></tr>
<tr>
<td title='testng.GroupsCheck.audiq7()'><b>audiq7</b><br>Test class: testng.GroupsCheck</td>
<td></td>
<td>0</td>
<td>testng.GroupsCheck@3e6358</td></tr>
<tr>
<td title='testng.GroupsCheck.bmwx3()'><b>bmwx3</b><br>Test class: testng.GroupsCheck</td>
<td></td>
<td>0</td>
<td>testng.GroupsCheck@3e6358</td></tr>
<tr>
<td title='testng.GroupsCheck.bmwx5()'><b>bmwx5</b><br>Test class: testng.GroupsCheck</td>
<td></td>
<td>0</td>
<td>testng.GroupsCheck@3e6358</td></tr>
<tr>
<td title='testng.SecondTest.f()'><b>f</b><br>Test class: testng.SecondTest</td>
<td></td>
<td>0</td>
<td>testng.SecondTest@1fee20c</td></tr>
<tr>
<td title='testng.FirstTest.f()'><b>f</b><br>Test class: testng.FirstTest</td>
<td></td>
<td>0</td>
<td>testng.FirstTest@181a1bc</td></tr>
<tr>
<td title='testng.GroupsCheck.hondacity()'><b>hondacity</b><br>Test class: testng.GroupsCheck</td>
<td></td>
<td>0</td>
<td>testng.GroupsCheck@3e6358</td></tr>
<tr>
<td title='testng.GroupsCheck.hyundaii10()'><b>hyundaii10</b><br>Test class: testng.GroupsCheck</td>
<td></td>
<td>0</td>
<td>testng.GroupsCheck@3e6358</td></tr>
<tr>
<td title='testng.DataProviderTest.insertEmployee()'><b>insertEmployee</b><br>Test class: testng.DataProviderTest<br>Parameters: Balaji, Venkat, Google</td>
<td></td>
<td>0</td>
<td>testng.DataProviderTest@616ca2</td></tr>
<tr>
<td title='testng.DataProviderTest.insertEmployee()'><b>insertEmployee</b><br>Test class: testng.DataProviderTest<br>Parameters: Balaji, Perumal, Google</td>
<td></td>
<td>0</td>
<td>testng.DataProviderTest@616ca2</td></tr>
<tr>
<td title='testng.DataProviderTest.insertEmployee()'><b>insertEmployee</b><br>Test class: testng.DataProviderTest<br>Parameters: Lakshmi, Venkat, Microsoft</td>
<td></td>
<td>0</td>
<td>testng.DataProviderTest@616ca2</td></tr>
<tr>
<td title='testng.DataProviderTest.insertEmployee()'><b>insertEmployee</b><br>Test class: testng.DataProviderTest<br>Parameters: Padma, Venkat, NLSINC</td>
<td></td>
<td>0</td>
<td>testng.DataProviderTest@616ca2</td></tr>
<tr>
<td title='testng.DataProviderTest.insertEmployee()'><b>insertEmployee</b><br>Test class: testng.DataProviderTest<br>Parameters: Hello, World, nlsinc</td>
<td></td>
<td>0</td>
<td>testng.DataProviderTest@616ca2</td></tr>
<tr>
<td title='testng.DataProviderTest.insertEmployeeData()'><b>insertEmployeeData</b><br>Test class: testng.DataProviderTest<br>Parameters: Venkat, Balaji, netlogic</td>
<td></td>
<td>0</td>
<td>testng.DataProviderTest@616ca2</td></tr>
<tr>
<td title='testng.DataProviderTest.insertEmployeeData()'><b>insertEmployeeData</b><br>Test class: testng.DataProviderTest<br>Parameters: Lakshmi, Venkat, google</td>
<td></td>
<td>0</td>
<td>testng.DataProviderTest@616ca2</td></tr>
<tr>
<td title='testng.DataProviderTest.insertEmployeeData()'><b>insertEmployeeData</b><br>Test class: testng.DataProviderTest<br>Parameters: Vinayak, Shiva, google</td>
<td></td>
<td>0</td>
<td>testng.DataProviderTest@616ca2</td></tr>
</table><p>
<table width='100%' border='1' class='invocation-skipped'>
<tr><td colspan='4' align='center'><b>SKIPPED TESTS</b></td></tr>
<tr><td><b>Test method</b></td>
<td width="30%"><b>Exception</b></td>
<td width="10%"><b>Time (seconds)</b></td>
<td><b>Instance</b></td>
</tr>
<tr>
<td title='testng.CrossBrowserTest.f()'><b>f</b><br>Test class: testng.CrossBrowserTest</td>
<td></td>
<td>0</td>
<td>testng.CrossBrowserTest@12050f6</td></tr>
<tr>
<td title='testng.TestNGParameters.insertEmployee()'><b>insertEmployee</b><br>Test class: testng.TestNGParameters</td>
<td><div><pre>org.testng.TestNGException: 
Parameter &apos;fname&apos; is required by @Test on method insertEmployee but has not been marked @Optional or defined
in D:\Google Java\Java Training\June 2016\Code\workspace\FirstMavenProject\src\test\java\NewFile.xml
... Removed 22 stack frames</pre></div><a href='#' onClick='toggleBox("stack-trace4817702", this, "Click to show all stack frames", "Click to hide stack frames")'>Click to show all stack frames</a>
<div class='stack-trace' id='stack-trace4817702'><pre>org.testng.TestNGException: 
Parameter &apos;fname&apos; is required by @Test on method insertEmployee but has not been marked @Optional or defined
in D:\Google Java\Java Training\June 2016\Code\workspace\FirstMavenProject\src\test\java\NewFile.xml
	at org.testng.internal.Parameters.createParameters(Parameters.java:155)
	at org.testng.internal.Parameters.createParameters(Parameters.java:355)
	at org.testng.internal.Parameters.handleParameters(Parameters.java:447)
	at org.testng.internal.Invoker.handleParameters(Invoker.java:1383)
	at org.testng.internal.Invoker.createParameters(Invoker.java:1075)
	at org.testng.internal.Invoker.invokeTestMethods(Invoker.java:1180)
	at org.testng.internal.TestMethodWorker.invokeTestMethods(TestMethodWorker.java:127)
	at org.testng.internal.TestMethodWorker.run(TestMethodWorker.java:111)
	at org.testng.TestRunner.privateRun(TestRunner.java:767)
	at org.testng.TestRunner.run(TestRunner.java:617)
	at org.testng.SuiteRunner.runTest(SuiteRunner.java:334)
	at org.testng.SuiteRunner.runSequentially(SuiteRunner.java:329)
	at org.testng.SuiteRunner.privateRun(SuiteRunner.java:291)
	at org.testng.SuiteRunner.run(SuiteRunner.java:240)
	at org.testng.SuiteRunnerWorker.runSuite(SuiteRunnerWorker.java:52)
	at org.testng.SuiteRunnerWorker.run(SuiteRunnerWorker.java:86)
	at org.testng.TestNG.runSuitesSequentially(TestNG.java:1198)
	at org.testng.TestNG.runSuitesLocally(TestNG.java:1123)
	at org.testng.TestNG.run(TestNG.java:1031)
	at org.testng.remote.RemoteTestNG.run(RemoteTestNG.java:115)
	at org.testng.remote.RemoteTestNG.initAndRun(RemoteTestNG.java:207)
	at org.testng.remote.RemoteTestNG.main(RemoteTestNG.java:178)
</pre></div></td>
<td>0</td>
<td>testng.TestNGParameters@4a765</td></tr>
</table><p>
</body>
</html>