<?xml version="1.0" encoding="UTF-8"?>
<!-- Generated by org.testng.reporters.JUnitXMLReporter -->
<testsuite hostname="Lenovo" name="Feature3" tests="23" failures="1" timestamp="13 Jul 2016 18:56:17 GMT" time="1.037" errors="0">
  <testcase name="@BeforeClass beforeClass" time="0.0" classname="testng.CrossBrowserTest">
    <failure type="org.testng.TestNGException" message="
Parameter &amp;apos;browserType&amp;apos; is required by @Configuration on method beforeClass but has not been marked @Optional or defined
in D:\Google Java\Java Training\June 2016\Code\workspace\FirstMavenProject\src\test\java\NewFile.xml">
      <![CDATA[org.testng.TestNGException: 
Parameter 'browserType' is required by @Configuration on method beforeClass but has not been marked @Optional or defined
in D:\Google Java\Java Training\June 2016\Code\workspace\FirstMavenProject\src\test\java\NewFile.xml
	at org.apache.maven.surefire.testng.TestNGExecutor.run(TestNGExecutor.java:282)
	at org.apache.maven.surefire.testng.TestNGXmlTestSuite.execute(TestNGXmlTestSuite.java:83)
	at org.apache.maven.surefire.testng.TestNGProvider.invoke(TestNGProvider.java:114)
	at org.apache.maven.surefire.booter.ForkedBooter.invokeProviderInSameClassLoader(ForkedBooter.java:286)
	at org.apache.maven.surefire.booter.ForkedBooter.runSuitesInProcess(ForkedBooter.java:240)
	at org.apache.maven.surefire.booter.ForkedBooter.main(ForkedBooter.java:121)
... Removed 18 stack frames]]>
    </failure>
  </testcase> <!-- @BeforeClass beforeClass -->
  <testcase name="@AfterClass afterClass" time="0.0" classname="testng.CrossBrowserTest">
    <skipped/>
  </testcase> <!-- @AfterClass afterClass -->
  <testcase name="f" time="0.0" classname="testng.CrossBrowserTest">
    <skipped/>
  </testcase> <!-- f -->
  <testcase name="insertEmployee" time="0.0" classname="testng.TestNGParameters">
    <skipped/>
  </testcase> <!-- insertEmployee -->
  <testcase name="insertEmployee" time="0.0" classname="testng.DataProviderTest"/>
  <testcase name="insertEmployee" time="0.0" classname="testng.DataProviderTest"/>
  <testcase name="insertEmployee" time="0.0" classname="testng.DataProviderTest"/>
  <testcase name="insertEmployee" time="0.0" classname="testng.DataProviderTest"/>
  <testcase name="insertEmployee" time="0.001" classname="testng.DataProviderTest"/>
  <testcase name="insertEmployeeData" time="0.0" classname="testng.DataProviderTest"/>
  <testcase name="insertEmployeeData" time="0.001" classname="testng.DataProviderTest"/>
  <testcase name="insertEmployeeData" time="0.0" classname="testng.DataProviderTest"/>
  <testcase name="registration" time="0.003" classname="testng.DependsOnMethodsTest">
    <failure type="java.lang.AssertionError">
      <![CDATA[java.lang.AssertionError
	at org.junit.Assert.fail(Assert.java:86)
	at org.junit.Assert.assertTrue(Assert.java:41)
	at org.junit.Assert.assertTrue(Assert.java:52)
	at testng.DependsOnMethodsTest.registration(DependsOnMethodsTest.java:13)
	at org.apache.maven.surefire.testng.TestNGExecutor.run(TestNGExecutor.java:282)
	at org.apache.maven.surefire.testng.TestNGXmlTestSuite.execute(TestNGXmlTestSuite.java:83)
	at org.apache.maven.surefire.testng.TestNGProvider.invoke(TestNGProvider.java:114)
	at org.apache.maven.surefire.booter.ForkedBooter.invokeProviderInSameClassLoader(ForkedBooter.java:286)
	at org.apache.maven.surefire.booter.ForkedBooter.runSuitesInProcess(ForkedBooter.java:240)
	at org.apache.maven.surefire.booter.ForkedBooter.main(ForkedBooter.java:121)
... Removed 21 stack frames]]>
    </failure>
  </testcase> <!-- registration -->
  <testcase name="f" time="0.001" classname="testng.FirstTest"/>
  <testcase name="a" time="0.0" classname="testng.FirstTest"/>
  <testcase name="altok10" time="0.0" classname="testng.GroupsCheck"/>
  <testcase name="audia4" time="0.001" classname="testng.GroupsCheck"/>
  <testcase name="audia8" time="0.0" classname="testng.GroupsCheck"/>
  <testcase name="audiq5" time="0.0" classname="testng.GroupsCheck"/>
  <testcase name="audiq7" time="0.0" classname="testng.GroupsCheck"/>
  <testcase name="bmwx3" time="0.0" classname="testng.GroupsCheck"/>
  <testcase name="bmwx5" time="0.0" classname="testng.GroupsCheck"/>
  <testcase name="hondacity" time="0.0" classname="testng.GroupsCheck"/>
  <testcase name="hyundaii10" time="0.001" classname="testng.GroupsCheck"/>
  <testcase name="f" time="0.001" classname="testng.SecondTest"/>
</testsuite> <!-- Feature3 -->
