<?xml version="1.0" encoding="UTF-8"?>
<!-- Generated by org.testng.reporters.JUnitXMLReporter -->
<testsuite hostname="Lenovo" name="Command line test" tests="14" failures="1" timestamp="13 Jul 2016 18:52:07 GMT" time="2.376" errors="0">
  <testcase name="@BeforeClass beforeClass" time="0.0" classname="testng.CrossBrowserTest">
    <failure type="org.testng.TestNGException" message="
Parameter &amp;apos;browserType&amp;apos; is required by @Configuration on method beforeClass but has not been marked @Optional or defined
">
      <![CDATA[org.testng.TestNGException: 
Parameter 'browserType' is required by @Configuration on method beforeClass but has not been marked @Optional or defined

	at org.apache.maven.surefire.testng.TestNGExecutor.run(TestNGExecutor.java:77)
	at org.apache.maven.surefire.testng.TestNGDirectoryTestSuite.executeMulti(TestNGDirectoryTestSuite.java:159)
	at org.apache.maven.surefire.testng.TestNGDirectoryTestSuite.execute(TestNGDirectoryTestSuite.java:99)
	at org.apache.maven.surefire.testng.TestNGProvider.invoke(TestNGProvider.java:106)
	at org.apache.maven.surefire.util.ReflectionUtils.invokeMethodWithArray(ReflectionUtils.java:189)
	at org.apache.maven.surefire.booter.ProviderFactory$ProviderProxy.invoke(ProviderFactory.java:165)
	at org.apache.maven.surefire.booter.ProviderFactory.invokeProvider(ProviderFactory.java:85)
	at org.apache.maven.surefire.booter.ForkedBooter.runSuitesInProcess(ForkedBooter.java:115)
	at org.apache.maven.surefire.booter.ForkedBooter.main(ForkedBooter.java:75)
... Removed 22 stack frames]]>
    </failure>
  </testcase> <!-- @BeforeClass beforeClass -->
  <testcase name="@AfterClass afterClass" time="0.0" classname="testng.CrossBrowserTest">
    <skipped/>
  </testcase> <!-- @AfterClass afterClass -->
  <testcase name="f" time="0.001" classname="testng.CrossBrowserTest">
    <skipped/>
  </testcase> <!-- f -->
  <testcase name="insertEmployee" time="0.0" classname="testng.DataProviderTest"/>
  <testcase name="insertEmployee" time="0.001" classname="testng.DataProviderTest"/>
  <testcase name="insertEmployee" time="0.001" classname="testng.DataProviderTest"/>
  <testcase name="insertEmployee" time="0.0" classname="testng.DataProviderTest"/>
  <testcase name="insertEmployee" time="0.001" classname="testng.DataProviderTest"/>
  <testcase name="insertEmployeeData" time="0.0" classname="testng.DataProviderTest"/>
  <testcase name="insertEmployeeData" time="0.0" classname="testng.DataProviderTest"/>
  <testcase name="insertEmployeeData" time="0.0" classname="testng.DataProviderTest"/>
  <testcase name="registration" time="0.004" classname="testng.DependsOnMethodsTest">
    <failure type="java.lang.AssertionError">
      <![CDATA[java.lang.AssertionError
	at org.junit.Assert.fail(Assert.java:86)
	at org.junit.Assert.assertTrue(Assert.java:41)
	at org.junit.Assert.assertTrue(Assert.java:52)
	at testng.DependsOnMethodsTest.registration(DependsOnMethodsTest.java:13)
	at org.apache.maven.surefire.testng.TestNGExecutor.run(TestNGExecutor.java:77)
	at org.apache.maven.surefire.testng.TestNGDirectoryTestSuite.executeMulti(TestNGDirectoryTestSuite.java:159)
	at org.apache.maven.surefire.testng.TestNGDirectoryTestSuite.execute(TestNGDirectoryTestSuite.java:99)
	at org.apache.maven.surefire.testng.TestNGProvider.invoke(TestNGProvider.java:106)
	at org.apache.maven.surefire.util.ReflectionUtils.invokeMethodWithArray(ReflectionUtils.java:189)
	at org.apache.maven.surefire.booter.ProviderFactory$ProviderProxy.invoke(ProviderFactory.java:165)
	at org.apache.maven.surefire.booter.ProviderFactory.invokeProvider(ProviderFactory.java:85)
	at org.apache.maven.surefire.booter.ForkedBooter.runSuitesInProcess(ForkedBooter.java:115)
	at org.apache.maven.surefire.booter.ForkedBooter.main(ForkedBooter.java:75)
... Removed 25 stack frames]]>
    </failure>
  </testcase> <!-- registration -->
  <testcase name="f" time="0.0" classname="testng.FirstTest"/>
  <testcase name="f" time="0.001" classname="testng.SecondTest"/>
  <testcase name="insertEmployee" time="0.0" classname="testng.TestNGParameters">
    <skipped/>
  </testcase> <!-- insertEmployee -->
  <testcase name="a" time="0.0" classname="testng.FirstTest"/>
</testsuite> <!-- Command line test -->
